-------------------------------------------------------------------------------
Test set: com.Core.TestNGBase
-------------------------------------------------------------------------------
Tests run: 1, Failures: 1, Errors: 0, Skipped: 0, Time elapsed: 1.698 sec <<< FAILURE!
afterSuite(com.Core.TestNGBase)  Time elapsed: 1.437 sec  <<< FAILURE!
java.lang.NullPointerException
	at com.Core.DriverClass.Quit(DriverClass.java:65)
	at com.Core.TestNGBase.afterSuite(TestNGBase.java:76)

